<?xml version="1.0" encoding="UTF-8"?>
<testsuite name="Demo.TestExample" tests="1" skipped="1" failures="0" errors="0" timestamp="2022-07-01T18:25:44" hostname="KEENEYE" time="0.0">
  <properties/>
  <testcase name="Test1" classname="Demo.TestExample" time="0.0">
    <skipped/>
  </testcase>
  <system-out><![CDATA[]]></system-out>
  <system-err><![CDATA[SLF4J: Failed to load class "org.slf4j.impl.StaticLoggerBinder".
SLF4J: Defaulting to no-operation (NOP) logger implementation
SLF4J: See http://www.slf4j.org/codes.html#StaticLoggerBinder for further details.
]]></system-err>
</testsuite>
