<?xml version="1.0" encoding="UTF-8"?>
<testsuite name="RestassuredTests.Post_Request" tests="1" skipped="0" failures="0" errors="0" timestamp="2022-07-02T16:32:49" hostname="KEENEYE" time="1.02">
  <properties/>
  <testcase name="testPost" classname="RestassuredTests.Post_Request" time="1.02"/>
  <system-out><![CDATA[]]></system-out>
  <system-err><![CDATA[]]></system-err>
</testsuite>
